<?xml version="1.0" encoding="UTF-8"?>
<!-- Generated by org.testng.reporters.JUnitReportReporter -->
<testsuite skipped="0" hostname="Sameer" name="com.streams.testcases.SignInPageTest" tests="5" failures="0" timestamp="2021-08-16T12:01:11 IST" time="63.310" errors="0">
  <testcase name="validateSignInPageUrlTest" time="7.744" classname="com.streams.testcases.SignInPageTest"/>
  <system-out/>
  <testcase name="logintest" time="24.268" classname="com.streams.testcases.SignInPageTest"/>
  <system-out/>
  <testcase name="logintest" time="10.203" classname="com.streams.testcases.SignInPageTest"/>
  <system-out/>
  <testcase name="logintest" time="11.729" classname="com.streams.testcases.SignInPageTest"/>
  <system-out/>
  <testcase name="logintest" time="9.366" classname="com.streams.testcases.SignInPageTest"/>
  <system-out/>
</testsuite> <!-- com.streams.testcases.SignInPageTest -->
