<?xml version="1.0" encoding="UTF-8"?>
<!-- Generated by org.testng.reporters.JUnitReportReporter -->
<testsuite skipped="0" hostname="Sameer-Laptop" name="com.streams.testcases.SignInPageTest" tests="5" failures="0" timestamp="2021-04-13T14:38:00 IST" time="71.834" errors="0">
  <testcase name="validateSignInPageUrlTest" time="8.963" classname="com.streams.testcases.SignInPageTest"/>
  <system-out/>
  <testcase name="logintest" time="26.062" classname="com.streams.testcases.SignInPageTest"/>
  <system-out/>
  <testcase name="logintest" time="12.767" classname="com.streams.testcases.SignInPageTest"/>
  <system-out/>
  <testcase name="logintest" time="9.475" classname="com.streams.testcases.SignInPageTest"/>
  <system-out/>
  <testcase name="logintest" time="14.567" classname="com.streams.testcases.SignInPageTest"/>
  <system-out/>
</testsuite> <!-- com.streams.testcases.SignInPageTest -->
