<?xml version="1.0" encoding="UTF-8"?>
<!-- Generated by org.testng.reporters.JUnitReportReporter -->
<testsuite skipped="0" hostname="Sameer-Laptop" name="com.streams.testcases.SignInPageTest" tests="2" failures="0" timestamp="2021-04-09T17:53:12 IST" time="24.837" errors="0">
  <testcase name="validateSignInPageUrlTest" time="10.164" classname="com.streams.testcases.SignInPageTest"/>
  <system-out/>
  <testcase name="logintest" time="14.673" classname="com.streams.testcases.SignInPageTest"/>
  <system-out/>
</testsuite> <!-- com.streams.testcases.SignInPageTest -->
