<?xml version="1.0" encoding="UTF-8"?>
<!-- Generated by org.testng.reporters.JUnitReportReporter -->
<testsuite skipped="0" hostname="Sameer-Laptop" name="com.streams.testcases.SignInPageTest" tests="3" failures="0" timestamp="2021-04-13T12:09:02 IST" time="56.648" errors="0">
  <testcase name="validateSignInPageUrlTest" time="9.837" classname="com.streams.testcases.SignInPageTest"/>
  <system-out/>
  <testcase name="logintest" time="21.458" classname="com.streams.testcases.SignInPageTest"/>
  <system-out/>
  <testcase name="logintest" time="25.353" classname="com.streams.testcases.SignInPageTest"/>
  <system-out/>
</testsuite> <!-- com.streams.testcases.SignInPageTest -->
