<?xml version="1.0" encoding="UTF-8"?>
<!-- Generated by org.testng.reporters.JUnitReportReporter -->
<testsuite skipped="0" hostname="Sameer" name="com.streams.testcases.HomePageTest" tests="1" failures="0" timestamp="2021-08-10T19:22:41 IST" time="98.617" errors="0">
  <testcase name="createFolder" time="98.617" classname="com.streams.testcases.HomePageTest"/>
  <system-out/>
</testsuite> <!-- com.streams.testcases.HomePageTest -->
